2018-09-30 17:16:33 INFO  BaseTest:17 - Starting Test Case : doLogin
2018-09-30 17:16:33 INFO  PayloadGenerator:14 - Inside PayloadConverter function
2018-09-30 17:16:33 INFO  URL:17 - URI End Point : http://localhost:8081/rest/auth/1/session
2018-09-30 17:16:33 INFO  RESTCalls:27 - Inside POSTRequest call
2018-09-30 17:16:35 DEBUG BasicClientConnectionManager:161 - Get connection for route {}->http://localhost:8081
2018-09-30 17:16:35 DEBUG DefaultClientConnectionOperator:177 - Connecting to localhost:8081
2018-09-30 17:16:35 DEBUG RequestAddCookies:123 - CookieSpec selected: ignoreCookies
2018-09-30 17:16:35 DEBUG RequestAuthCache:77 - Auth cache not set in the context
2018-09-30 17:16:35 DEBUG RequestTargetAuthentication:80 - Target auth state: UNCHALLENGED
2018-09-30 17:16:35 DEBUG RequestProxyAuthentication:89 - Proxy auth state: UNCHALLENGED
2018-09-30 17:16:35 DEBUG DefaultHttpClient:682 - Attempt 1 to execute request
2018-09-30 17:16:35 DEBUG DefaultClientConnection:274 - Sending request: POST /rest/auth/1/session HTTP/1.1
2018-09-30 17:16:35 DEBUG wire:73 -  >> "POST /rest/auth/1/session HTTP/1.1[\r][\n]"
2018-09-30 17:16:35 DEBUG wire:73 -  >> "Accept: */*[\r][\n]"
2018-09-30 17:16:35 DEBUG wire:73 -  >> "Content-Type: application/json; charset=UTF-8[\r][\n]"
2018-09-30 17:16:35 DEBUG wire:73 -  >> "Content-Length: 62[\r][\n]"
2018-09-30 17:16:35 DEBUG wire:73 -  >> "Host: localhost:8081[\r][\n]"
2018-09-30 17:16:35 DEBUG wire:73 -  >> "Connection: Keep-Alive[\r][\n]"
2018-09-30 17:16:35 DEBUG wire:73 -  >> "User-Agent: Apache-HttpClient/4.5.3 (Java/1.8.0_181)[\r][\n]"
2018-09-30 17:16:35 DEBUG wire:73 -  >> "Accept-Encoding: gzip,deflate[\r][\n]"
2018-09-30 17:16:35 DEBUG wire:73 -  >> "[\r][\n]"
2018-09-30 17:16:35 DEBUG headers:278 - >> POST /rest/auth/1/session HTTP/1.1
2018-09-30 17:16:35 DEBUG headers:281 - >> Accept: */*
2018-09-30 17:16:35 DEBUG headers:281 - >> Content-Type: application/json; charset=UTF-8
2018-09-30 17:16:35 DEBUG headers:281 - >> Content-Length: 62
2018-09-30 17:16:35 DEBUG headers:281 - >> Host: localhost:8081
2018-09-30 17:16:35 DEBUG headers:281 - >> Connection: Keep-Alive
2018-09-30 17:16:35 DEBUG headers:281 - >> User-Agent: Apache-HttpClient/4.5.3 (Java/1.8.0_181)
2018-09-30 17:16:35 DEBUG headers:281 - >> Accept-Encoding: gzip,deflate
2018-09-30 17:16:35 DEBUG wire:73 -  >> "{  [\n]"
2018-09-30 17:16:35 DEBUG wire:73 -  >> "   "username":"jahidul2543",[\n]"
2018-09-30 17:16:35 DEBUG wire:73 -  >> "   "password":"jahidul1234"[\n]"
2018-09-30 17:16:35 DEBUG wire:87 -  >> "}"
2018-09-30 17:16:35 DEBUG wire:73 -  << "HTTP/1.1 200 [\r][\n]"
2018-09-30 17:16:35 DEBUG wire:73 -  << "X-AREQUESTID: 1036x369x1[\r][\n]"
2018-09-30 17:16:35 DEBUG wire:73 -  << "X-XSS-Protection: 1; mode=block[\r][\n]"
2018-09-30 17:16:35 DEBUG wire:73 -  << "X-Content-Type-Options: nosniff[\r][\n]"
2018-09-30 17:16:35 DEBUG wire:73 -  << "X-Frame-Options: SAMEORIGIN[\r][\n]"
2018-09-30 17:16:35 DEBUG wire:73 -  << "Content-Security-Policy: frame-ancestors 'self'[\r][\n]"
2018-09-30 17:16:35 DEBUG wire:73 -  << "X-ASEN: SEN-L12392517[\r][\n]"
2018-09-30 17:16:35 DEBUG wire:73 -  << "Set-Cookie: atlassian.xsrf.token=BHOF-UM4I-GV16-B1B2_c260f4f71c2345f42cfe96a7ba26333f4eba8e14_lout; Path=/[\r][\n]"
2018-09-30 17:16:35 DEBUG wire:73 -  << "X-AUSERNAME: anonymous[\r][\n]"
2018-09-30 17:16:35 DEBUG wire:73 -  << "Set-Cookie: JSESSIONID=ABD4542B290BEDB033D2DDE7B81294EC; Path=/; HttpOnly[\r][\n]"
2018-09-30 17:16:35 DEBUG wire:73 -  << "X-Seraph-LoginReason: OK[\r][\n]"
2018-09-30 17:16:35 DEBUG wire:73 -  << "Cache-Control: no-cache, no-store, no-transform[\r][\n]"
2018-09-30 17:16:35 DEBUG wire:73 -  << "Content-Encoding: gzip[\r][\n]"
2018-09-30 17:16:35 DEBUG wire:73 -  << "Vary: User-Agent[\r][\n]"
2018-09-30 17:16:35 DEBUG wire:73 -  << "Content-Type: application/json;charset=UTF-8[\r][\n]"
2018-09-30 17:16:35 DEBUG wire:73 -  << "Transfer-Encoding: chunked[\r][\n]"
2018-09-30 17:16:35 DEBUG wire:73 -  << "Date: Sun, 30 Sep 2018 21:16:35 GMT[\r][\n]"
2018-09-30 17:16:35 DEBUG wire:73 -  << "[\r][\n]"
2018-09-30 17:16:35 DEBUG DefaultClientConnection:259 - Receiving response: HTTP/1.1 200 
2018-09-30 17:16:35 DEBUG headers:262 - << HTTP/1.1 200 
2018-09-30 17:16:35 DEBUG headers:265 - << X-AREQUESTID: 1036x369x1
2018-09-30 17:16:35 DEBUG headers:265 - << X-XSS-Protection: 1; mode=block
2018-09-30 17:16:35 DEBUG headers:265 - << X-Content-Type-Options: nosniff
2018-09-30 17:16:35 DEBUG headers:265 - << X-Frame-Options: SAMEORIGIN
2018-09-30 17:16:35 DEBUG headers:265 - << Content-Security-Policy: frame-ancestors 'self'
2018-09-30 17:16:35 DEBUG headers:265 - << X-ASEN: SEN-L12392517
2018-09-30 17:16:35 DEBUG headers:265 - << Set-Cookie: atlassian.xsrf.token=BHOF-UM4I-GV16-B1B2_c260f4f71c2345f42cfe96a7ba26333f4eba8e14_lout; Path=/
2018-09-30 17:16:35 DEBUG headers:265 - << X-AUSERNAME: anonymous
2018-09-30 17:16:35 DEBUG headers:265 - << Set-Cookie: JSESSIONID=ABD4542B290BEDB033D2DDE7B81294EC; Path=/; HttpOnly
2018-09-30 17:16:35 DEBUG headers:265 - << X-Seraph-LoginReason: OK
2018-09-30 17:16:35 DEBUG headers:265 - << Cache-Control: no-cache, no-store, no-transform
2018-09-30 17:16:35 DEBUG headers:265 - << Content-Encoding: gzip
2018-09-30 17:16:35 DEBUG headers:265 - << Vary: User-Agent
2018-09-30 17:16:35 DEBUG headers:265 - << Content-Type: application/json;charset=UTF-8
2018-09-30 17:16:35 DEBUG headers:265 - << Transfer-Encoding: chunked
2018-09-30 17:16:35 DEBUG headers:265 - << Date: Sun, 30 Sep 2018 21:16:35 GMT
2018-09-30 17:16:35 DEBUG DefaultHttpClient:509 - Connection can be kept alive indefinitely
2018-09-30 17:16:35 DEBUG RequestSpecificationImpl$RestAssuredHttpBuilder:544 - Parsing response as: application/json;charset=UTF-8
2018-09-30 17:16:35 DEBUG wire:73 -  << "95[\r][\n]"
2018-09-30 17:16:35 DEBUG wire:73 -  << "[0x1f][0x8b][0x8][0x0][0x0][0x0][0x0][0x0][0x0][0x0][0x1c][0x8d][0xb1][0xe][0x83] [0x14][0x0][0xff][0xe5][0xcd][0xda]<[0xe1][0xd9][\n]"
2018-09-30 17:16:35 DEBUG wire:73 -  << "[0x9b][0x8][0x3]M[0xd3][0xe][0xfa][0x3][0xe][0xb4]![0xb1][0xd0][0x94][0xea]b[0xf8][0xf7][0x6][0xc7][0xbb][0xe1]n[0x87][0xe4]R[0xf2]1[0x80][0xdc]![0xcc]o[0x7][0x12][0xae][0xa3][0x19]G[0xfb][0xb8][[\r][0x15]l[0xf3][0xb2][0x16][0xd9]+M-1[0xc5][0x4]*[0xa3][0x15]r[0xae][0x99][0xd6][0xe6][0xa2][0xba][0x86][0x9]2[0x3][0xe4][\n]"
2018-09-30 17:16:35 DEBUG wire:87 -  << "[0x96][0xf8][0xf2][0xc1][0x86]g,[0xb1][0x3][0x86][0xb8][0x86][0x1f]HN[0x15]|[0xbe]n[0xf3]qM[0xb7][0xe2]'[0x9c][0x18]6][0x8d][0xa2][0xe6]85g[0xd9][0x92]$q[0xe2][0x82][0xd7]H[0x88][0x90][0xf3][0x1f][0x0][0x0][0xff][0xff]"
2018-09-30 17:16:35 DEBUG wire:73 -  << "[\r][\n]"
2018-09-30 17:16:35 DEBUG wire:73 -  << "a[\r][\n]"
2018-09-30 17:16:35 DEBUG wire:87 -  << "[0x3][0x0]_[0x98]}[0x17][0x9d][0x0][0x0][0x0]"
2018-09-30 17:16:35 DEBUG wire:73 -  << "[\r][\n]"
2018-09-30 17:16:35 DEBUG wire:73 -  << "0[\r][\n]"
2018-09-30 17:16:35 DEBUG wire:73 -  << "[\r][\n]"
2018-09-30 17:16:35 DEBUG RequestSpecificationImpl$RestAssuredHttpBuilder:547 - Parsed data to instance of: class org.apache.http.conn.EofSensorInputStream
2018-09-30 17:16:35 DEBUG RESTCalls:31 - io.restassured.internal.RequestSpecificationImpl@6b3e12b5
2018-09-30 17:16:35 DEBUG BasicClientConnectionManager:200 - Releasing connection org.apache.http.impl.conn.ManagedClientConnectionImpl@12bd8a64
2018-09-30 17:16:35 DEBUG BasicClientConnectionManager:225 - Connection can be kept alive indefinitely
2018-09-30 17:16:35 INFO  BaseTest:22 - Login Response Body: {"session":{"name":"JSESSIONID","value":"ABD4542B290BEDB033D2DDE7B81294EC"},"loginInfo":{"loginCount":34,"previousLoginTime":"2018-09-30T16:54:49.393-0400"}}
2018-09-30 17:16:35 INFO  TestUtils:16 - Converting Response to String
2018-09-30 17:16:35 DEBUG TestUtils:18 - String Response{"session":{"name":"JSESSIONID","value":"ABD4542B290BEDB033D2DDE7B81294EC"},"loginInfo":{"loginCount":34,"previousLoginTime":"2018-09-30T16:54:49.393-0400"}}
2018-09-30 17:16:35 INFO  TestUtils:23 - Parsing String Response to JSON
2018-09-30 17:16:35 DEBUG TestUtils:25 - JSON Response: io.restassured.path.json.JsonPath@78f5c518
2018-09-30 17:16:35 INFO  BaseTest:26 - JIRA JSession ID : ABD4542B290BEDB033D2DDE7B81294EC
2018-09-30 17:16:35 INFO  CreateIssue:30 - Starting Create Issue Test
2018-09-30 17:16:35 INFO  URL:17 - URI End Point : http://localhost:8081/rest/api/2/issue/RAT-43
2018-09-30 17:16:35 INFO  PayloadGenerator:14 - Inside PayloadConverter function
2018-09-30 17:16:35 INFO  RESTCalls:47 - Inside PUTRequest call
2018-09-30 17:16:35 DEBUG BasicClientConnectionManager:161 - Get connection for route {}->http://localhost:8081
2018-09-30 17:16:35 DEBUG DefaultClientConnectionOperator:177 - Connecting to localhost:8081
2018-09-30 17:16:35 DEBUG RequestAddCookies:123 - CookieSpec selected: ignoreCookies
2018-09-30 17:16:35 DEBUG RequestAuthCache:77 - Auth cache not set in the context
2018-09-30 17:16:35 DEBUG RequestTargetAuthentication:80 - Target auth state: UNCHALLENGED
2018-09-30 17:16:35 DEBUG RequestProxyAuthentication:89 - Proxy auth state: UNCHALLENGED
2018-09-30 17:16:35 DEBUG DefaultHttpClient:682 - Attempt 1 to execute request
2018-09-30 17:16:35 DEBUG DefaultClientConnection:274 - Sending request: PUT /rest/api/2/issue/RAT-43 HTTP/1.1
2018-09-30 17:16:35 DEBUG wire:73 -  >> "PUT /rest/api/2/issue/RAT-43 HTTP/1.1[\r][\n]"
2018-09-30 17:16:35 DEBUG wire:73 -  >> "cookie: JSESSIONID=ABD4542B290BEDB033D2DDE7B81294EC[\r][\n]"
2018-09-30 17:16:35 DEBUG wire:73 -  >> "Accept: */*[\r][\n]"
2018-09-30 17:16:35 DEBUG wire:73 -  >> "Content-Type: application/json; charset=UTF-8[\r][\n]"
2018-09-30 17:16:35 DEBUG wire:73 -  >> "Content-Length: 63[\r][\n]"
2018-09-30 17:16:35 DEBUG wire:73 -  >> "Host: localhost:8081[\r][\n]"
2018-09-30 17:16:35 DEBUG wire:73 -  >> "Connection: Keep-Alive[\r][\n]"
2018-09-30 17:16:35 DEBUG wire:73 -  >> "User-Agent: Apache-HttpClient/4.5.3 (Java/1.8.0_181)[\r][\n]"
2018-09-30 17:16:35 DEBUG wire:73 -  >> "Accept-Encoding: gzip,deflate[\r][\n]"
2018-09-30 17:16:35 DEBUG wire:73 -  >> "[\r][\n]"
2018-09-30 17:16:35 DEBUG headers:278 - >> PUT /rest/api/2/issue/RAT-43 HTTP/1.1
2018-09-30 17:16:35 DEBUG headers:281 - >> cookie: JSESSIONID=ABD4542B290BEDB033D2DDE7B81294EC
2018-09-30 17:16:35 DEBUG headers:281 - >> Accept: */*
2018-09-30 17:16:35 DEBUG headers:281 - >> Content-Type: application/json; charset=UTF-8
2018-09-30 17:16:35 DEBUG headers:281 - >> Content-Length: 63
2018-09-30 17:16:35 DEBUG headers:281 - >> Host: localhost:8081
2018-09-30 17:16:35 DEBUG headers:281 - >> Connection: Keep-Alive
2018-09-30 17:16:35 DEBUG headers:281 - >> User-Agent: Apache-HttpClient/4.5.3 (Java/1.8.0_181)
2018-09-30 17:16:35 DEBUG headers:281 - >> Accept-Encoding: gzip,deflate
2018-09-30 17:16:35 DEBUG wire:73 -  >> "{[\n]"
2018-09-30 17:16:35 DEBUG wire:73 -  >> "   "fields": {[\n]"
2018-09-30 17:16:35 DEBUG wire:73 -  >> "      "assignee":{"name":"jahidul2543"}[\n]"
2018-09-30 17:16:35 DEBUG wire:73 -  >> "   }[\n]"
2018-09-30 17:16:35 DEBUG wire:87 -  >> "}"
2018-09-30 17:16:36 DEBUG wire:73 -  << "HTTP/1.1 204 [\r][\n]"
2018-09-30 17:16:36 DEBUG wire:73 -  << "X-AREQUESTID: 1036x370x1[\r][\n]"
2018-09-30 17:16:36 DEBUG wire:73 -  << "X-ASESSIONID: 43dpal[\r][\n]"
2018-09-30 17:16:36 DEBUG wire:73 -  << "X-XSS-Protection: 1; mode=block[\r][\n]"
2018-09-30 17:16:36 DEBUG wire:73 -  << "X-Content-Type-Options: nosniff[\r][\n]"
2018-09-30 17:16:36 DEBUG wire:73 -  << "X-Frame-Options: SAMEORIGIN[\r][\n]"
2018-09-30 17:16:36 DEBUG wire:73 -  << "Content-Security-Policy: frame-ancestors 'self'[\r][\n]"
2018-09-30 17:16:36 DEBUG wire:73 -  << "X-ASEN: SEN-L12392517[\r][\n]"
2018-09-30 17:16:36 DEBUG wire:73 -  << "X-Seraph-LoginReason: OK[\r][\n]"
2018-09-30 17:16:36 DEBUG wire:73 -  << "Set-Cookie: atlassian.xsrf.token=BHOF-UM4I-GV16-B1B2_ab4d53eb1510b37394684f380f083766877440b0_lin; Path=/[\r][\n]"
2018-09-30 17:16:36 DEBUG wire:73 -  << "X-AUSERNAME: jahidul2543[\r][\n]"
2018-09-30 17:16:36 DEBUG wire:73 -  << "Cache-Control: no-cache, no-store, no-transform[\r][\n]"
2018-09-30 17:16:36 DEBUG wire:73 -  << "Content-Type: application/json;charset=UTF-8[\r][\n]"
2018-09-30 17:16:36 DEBUG wire:73 -  << "Date: Sun, 30 Sep 2018 21:16:35 GMT[\r][\n]"
2018-09-30 17:16:36 DEBUG wire:73 -  << "[\r][\n]"
2018-09-30 17:16:36 DEBUG DefaultClientConnection:259 - Receiving response: HTTP/1.1 204 
2018-09-30 17:16:36 DEBUG headers:262 - << HTTP/1.1 204 
2018-09-30 17:16:36 DEBUG headers:265 - << X-AREQUESTID: 1036x370x1
2018-09-30 17:16:36 DEBUG headers:265 - << X-ASESSIONID: 43dpal
2018-09-30 17:16:36 DEBUG headers:265 - << X-XSS-Protection: 1; mode=block
2018-09-30 17:16:36 DEBUG headers:265 - << X-Content-Type-Options: nosniff
2018-09-30 17:16:36 DEBUG headers:265 - << X-Frame-Options: SAMEORIGIN
2018-09-30 17:16:36 DEBUG headers:265 - << Content-Security-Policy: frame-ancestors 'self'
2018-09-30 17:16:36 DEBUG headers:265 - << X-ASEN: SEN-L12392517
2018-09-30 17:16:36 DEBUG headers:265 - << X-Seraph-LoginReason: OK
2018-09-30 17:16:36 DEBUG headers:265 - << Set-Cookie: atlassian.xsrf.token=BHOF-UM4I-GV16-B1B2_ab4d53eb1510b37394684f380f083766877440b0_lin; Path=/
2018-09-30 17:16:36 DEBUG headers:265 - << X-AUSERNAME: jahidul2543
2018-09-30 17:16:36 DEBUG headers:265 - << Cache-Control: no-cache, no-store, no-transform
2018-09-30 17:16:36 DEBUG headers:265 - << Content-Type: application/json;charset=UTF-8
2018-09-30 17:16:36 DEBUG headers:265 - << Date: Sun, 30 Sep 2018 21:16:35 GMT
2018-09-30 17:16:36 DEBUG DefaultHttpClient:509 - Connection can be kept alive indefinitely
2018-09-30 17:16:36 DEBUG BasicClientConnectionManager:200 - Releasing connection org.apache.http.impl.conn.ManagedClientConnectionImpl@226642a5
2018-09-30 17:16:36 DEBUG BasicClientConnectionManager:225 - Connection can be kept alive indefinitely
2018-09-30 17:16:36 DEBUG RESTCalls:52 - PUT Request Specifications: io.restassured.internal.RequestSpecificationImpl@7e809b79
2018-09-30 17:16:36 INFO  TestUtils:38 - Getting Response Code
2018-09-30 17:16:36 INFO  TestUtils:40 - Status Code: 204
2018-09-30 17:16:36 INFO  CreateIssue:43 - ****Issue edited successfully****
2018-09-30 17:16:36 INFO  CreateIssue:44 - ****Test Passed****
